E:\GITPROJECTS\PROJECT1-RAYTRACER\PROJ1_WIN\565RAYTRACER\DEBUG\565RAYTRACER.EXE.EMBED.MANIFEST
E:\GITPROJECTS\PROJECT1-RAYTRACER\PROJ1_WIN\565RAYTRACER\DEBUG\565RAYTRACER.EXE.EMBED.MANIFEST.RES
E:\GITPROJECTS\PROJECT1-RAYTRACER\PROJ1_WIN\565RAYTRACER\DEBUG\565RAYTRACER.EXE.INTERMEDIATE.MANIFEST
E:\gitprojects\Project1-RayTracer\PROJ1_WIN\565Raytracer\Debug\565Raytracer_manifest.rc
E:\gitprojects\Project1-RayTracer\PROJ1_WIN\565Raytracer\Debug\cl.command.1.tlog
E:\gitprojects\Project1-RayTracer\PROJ1_WIN\565Raytracer\Debug\CL.read.1.tlog
E:\gitprojects\Project1-RayTracer\PROJ1_WIN\565Raytracer\Debug\CL.write.1.tlog
E:\GITPROJECTS\PROJECT1-RAYTRACER\PROJ1_WIN\565RAYTRACER\DEBUG\GLSLUTILITY.OBJ
E:\GITPROJECTS\PROJECT1-RAYTRACER\PROJ1_WIN\565RAYTRACER\DEBUG\IMAGE.OBJ
E:\gitprojects\Project1-RayTracer\PROJ1_WIN\565Raytracer\Debug\link.10044.read.1.tlog
E:\gitprojects\Project1-RayTracer\PROJ1_WIN\565Raytracer\Debug\link.10044.write.1.tlog
E:\gitprojects\Project1-RayTracer\PROJ1_WIN\565Raytracer\Debug\link.10044-cvtres.read.1.tlog
E:\gitprojects\Project1-RayTracer\PROJ1_WIN\565Raytracer\Debug\link.10044-cvtres.write.1.tlog
E:\gitprojects\Project1-RayTracer\PROJ1_WIN\565Raytracer\Debug\link.14104.read.1.tlog
E:\gitprojects\Project1-RayTracer\PROJ1_WIN\565Raytracer\Debug\link.14104.write.1.tlog
E:\gitprojects\Project1-RayTracer\PROJ1_WIN\565Raytracer\Debug\link.14104-cvtres.read.1.tlog
E:\gitprojects\Project1-RayTracer\PROJ1_WIN\565Raytracer\Debug\link.14104-cvtres.write.1.tlog
E:\gitprojects\Project1-RayTracer\PROJ1_WIN\565Raytracer\Debug\link.14384.read.1.tlog
E:\gitprojects\Project1-RayTracer\PROJ1_WIN\565Raytracer\Debug\link.14384.write.1.tlog
E:\gitprojects\Project1-RayTracer\PROJ1_WIN\565Raytracer\Debug\link.14384-cvtres.read.1.tlog
E:\gitprojects\Project1-RayTracer\PROJ1_WIN\565Raytracer\Debug\link.14384-cvtres.write.1.tlog
E:\gitprojects\Project1-RayTracer\PROJ1_WIN\565Raytracer\Debug\link.18288.read.1.tlog
E:\gitprojects\Project1-RayTracer\PROJ1_WIN\565Raytracer\Debug\link.18288.write.1.tlog
E:\gitprojects\Project1-RayTracer\PROJ1_WIN\565Raytracer\Debug\link.18288-cvtres.read.1.tlog
E:\gitprojects\Project1-RayTracer\PROJ1_WIN\565Raytracer\Debug\link.18288-cvtres.write.1.tlog
E:\gitprojects\Project1-RayTracer\PROJ1_WIN\565Raytracer\Debug\link.1984.read.1.tlog
E:\gitprojects\Project1-RayTracer\PROJ1_WIN\565Raytracer\Debug\link.1984.write.1.tlog
E:\gitprojects\Project1-RayTracer\PROJ1_WIN\565Raytracer\Debug\link.1984-cvtres.read.1.tlog
E:\gitprojects\Project1-RayTracer\PROJ1_WIN\565Raytracer\Debug\link.1984-cvtres.write.1.tlog
E:\gitprojects\Project1-RayTracer\PROJ1_WIN\565Raytracer\Debug\link.2380.read.1.tlog
E:\gitprojects\Project1-RayTracer\PROJ1_WIN\565Raytracer\Debug\link.2380.write.1.tlog
E:\gitprojects\Project1-RayTracer\PROJ1_WIN\565Raytracer\Debug\link.2380-cvtres.read.1.tlog
E:\gitprojects\Project1-RayTracer\PROJ1_WIN\565Raytracer\Debug\link.2380-cvtres.write.1.tlog
E:\gitprojects\Project1-RayTracer\PROJ1_WIN\565Raytracer\Debug\link.8548.read.1.tlog
E:\gitprojects\Project1-RayTracer\PROJ1_WIN\565Raytracer\Debug\link.8548.write.1.tlog
E:\gitprojects\Project1-RayTracer\PROJ1_WIN\565Raytracer\Debug\link.8548-cvtres.read.1.tlog
E:\gitprojects\Project1-RayTracer\PROJ1_WIN\565Raytracer\Debug\link.8548-cvtres.write.1.tlog
E:\gitprojects\Project1-RayTracer\PROJ1_WIN\565Raytracer\Debug\link.command.1.tlog
E:\gitprojects\Project1-RayTracer\PROJ1_WIN\565Raytracer\Debug\link.read.1.tlog
E:\gitprojects\Project1-RayTracer\PROJ1_WIN\565Raytracer\Debug\link.write.1.tlog
E:\gitprojects\Project1-RayTracer\PROJ1_WIN\565Raytracer\Debug\link-cvtres.read.1.tlog
E:\gitprojects\Project1-RayTracer\PROJ1_WIN\565Raytracer\Debug\link-cvtres.write.1.tlog
E:\GITPROJECTS\PROJECT1-RAYTRACER\PROJ1_WIN\565RAYTRACER\DEBUG\MAIN.OBJ
E:\gitprojects\Project1-RayTracer\PROJ1_WIN\565Raytracer\Debug\mt.command.1.tlog
E:\gitprojects\Project1-RayTracer\PROJ1_WIN\565Raytracer\Debug\mt.read.1.tlog
E:\gitprojects\Project1-RayTracer\PROJ1_WIN\565Raytracer\Debug\mt.write.1.tlog
E:\gitprojects\Project1-RayTracer\PROJ1_WIN\565Raytracer\Debug\raytraceKernel.cu.cache
E:\gitprojects\Project1-RayTracer\PROJ1_WIN\565Raytracer\Debug\rc.command.1.tlog
E:\gitprojects\Project1-RayTracer\PROJ1_WIN\565Raytracer\Debug\rc.read.1.tlog
E:\gitprojects\Project1-RayTracer\PROJ1_WIN\565Raytracer\Debug\rc.write.1.tlog
E:\GITPROJECTS\PROJECT1-RAYTRACER\PROJ1_WIN\565RAYTRACER\DEBUG\SCENE.OBJ
E:\GITPROJECTS\PROJECT1-RAYTRACER\PROJ1_WIN\565RAYTRACER\DEBUG\STB_IMAGE.OBJ
E:\GITPROJECTS\PROJECT1-RAYTRACER\PROJ1_WIN\565RAYTRACER\DEBUG\STB_IMAGE_WRITE.OBJ
E:\GITPROJECTS\PROJECT1-RAYTRACER\PROJ1_WIN\565RAYTRACER\DEBUG\UTILITIES.OBJ
E:\gitprojects\Project1-RayTracer\PROJ1_WIN\565Raytracer\Debug\vc100.idb
E:\GITPROJECTS\PROJECT1-RAYTRACER\PROJ1_WIN\565RAYTRACER\DEBUG\VC100.PDB
E:\GITPROJECTS\PROJECT1-RAYTRACER\PROJ1_WIN\DEBUG\565RAYTRACER.EXE
E:\GITPROJECTS\PROJECT1-RAYTRACER\PROJ1_WIN\DEBUG\565RAYTRACER.ILK
E:\GITPROJECTS\PROJECT1-RAYTRACER\PROJ1_WIN\DEBUG\565RAYTRACER.PDB
